d:\tcp_ip\source\iocp\fixme_degiyamiocp-master\degiyamiocp_re1\iocpserver\iocpserver\debug\iocpserver.pch
d:\tcp_ip\source\iocp\fixme_degiyamiocp-master\degiyamiocp_re1\iocpserver\iocpserver\debug\vc141.pdb
d:\tcp_ip\source\iocp\fixme_degiyamiocp-master\degiyamiocp_re1\iocpserver\iocpserver\debug\vc141.idb
d:\tcp_ip\source\iocp\fixme_degiyamiocp-master\degiyamiocp_re1\iocpserver\iocpserver\debug\stdafx.obj
d:\tcp_ip\source\iocp\fixme_degiyamiocp-master\degiyamiocp_re1\iocpserver\iocpserver\debug\circularqueue.obj
d:\tcp_ip\source\iocp\fixme_degiyamiocp-master\degiyamiocp_re1\iocpserver\iocpserver\debug\lib_logsystem.obj
d:\tcp_ip\source\iocp\fixme_degiyamiocp-master\degiyamiocp_re1\iocpserver\iocpserver\debug\lib_profile.obj
d:\tcp_ip\source\iocp\fixme_degiyamiocp-master\degiyamiocp_re1\iocpserver\iocpserver\debug\lib_sessiondata.obj
d:\tcp_ip\source\iocp\fixme_degiyamiocp-master\degiyamiocp_re1\iocpserver\iocpserver\debug\lib_sessionpool.obj
d:\tcp_ip\source\iocp\fixme_degiyamiocp-master\degiyamiocp_re1\iocpserver\iocpserver\debug\lib_thread.obj
d:\tcp_ip\source\iocp\fixme_degiyamiocp-master\degiyamiocp_re1\iocpserver\iocpserver\debug\lib_iocpmodule.obj
d:\tcp_ip\source\iocp\fixme_degiyamiocp-master\degiyamiocp_re1\iocpserver\iocpserver\debug\packethandleack.obj
d:\tcp_ip\source\iocp\fixme_degiyamiocp-master\degiyamiocp_re1\iocpserver\iocpserver\debug\packethandlereq.obj
d:\tcp_ip\source\iocp\fixme_degiyamiocp-master\degiyamiocp_re1\iocpserver\iocpserver\debug\servicemanager.obj
d:\tcp_ip\source\iocp\fixme_degiyamiocp-master\degiyamiocp_re1\iocpserver\iocpserver\debug\iocpserverhost.obj
d:\tcp_ip\source\iocp\fixme_degiyamiocp-master\degiyamiocp_re1\iocpserver\iocpserver\debug\databasefunction.obj
d:\tcp_ip\source\iocp\fixme_degiyamiocp-master\degiyamiocp_re1\iocpserver\iocpserver\debug\iocpserver.pdb
d:\tcp_ip\source\iocp\fixme_degiyamiocp-master\degiyamiocp_re1\iocpserver\iocpserver\debug\iocpserver.tlog\cl.command.1.tlog
d:\tcp_ip\source\iocp\fixme_degiyamiocp-master\degiyamiocp_re1\iocpserver\iocpserver\debug\iocpserver.tlog\cl.read.1.tlog
d:\tcp_ip\source\iocp\fixme_degiyamiocp-master\degiyamiocp_re1\iocpserver\iocpserver\debug\iocpserver.tlog\cl.write.1.tlog
d:\tcp_ip\source\iocp\fixme_degiyamiocp-master\degiyamiocp_re1\iocpserver\iocpserver\debug\iocpserver.tlog\link-cvtres.read.1.tlog
d:\tcp_ip\source\iocp\fixme_degiyamiocp-master\degiyamiocp_re1\iocpserver\iocpserver\debug\iocpserver.tlog\link-cvtres.write.1.tlog
d:\tcp_ip\source\iocp\fixme_degiyamiocp-master\degiyamiocp_re1\iocpserver\iocpserver\debug\iocpserver.tlog\link-rc.read.1.tlog
d:\tcp_ip\source\iocp\fixme_degiyamiocp-master\degiyamiocp_re1\iocpserver\iocpserver\debug\iocpserver.tlog\link-rc.write.1.tlog
d:\tcp_ip\source\iocp\fixme_degiyamiocp-master\degiyamiocp_re1\iocpserver\iocpserver\debug\iocpserver.tlog\link.command.1.tlog
d:\tcp_ip\source\iocp\fixme_degiyamiocp-master\degiyamiocp_re1\iocpserver\iocpserver\debug\iocpserver.tlog\link.read.1.tlog
d:\tcp_ip\source\iocp\fixme_degiyamiocp-master\degiyamiocp_re1\iocpserver\iocpserver\debug\iocpserver.tlog\link.write.1.tlog
